make.exe all --print-data-base --no-builtin-variables --no-builtin-rules --question
# GNU Make 4.3
# Built for x86_64-pc-cygwin
# Copyright (C) 1988-2020 Free Software Foundation, Inc.
# License GPLv3+: GNU GPL version 3 or later <http://gnu.org/licenses/gpl.html>
# This is free software: you are free to change and redistribute it.
# There is NO WARRANTY, to the extent permitted by law.
 

# Make data base, printed on Sat May 21 11:36:51 2022

# Variables

# environment
FPS_BROWSER_APP_PROFILE_STRING = Internet Explorer
# environment
SYSTEMDRIVE = C:
# environment
LC_ALL = C
# environment
USERPROFILE = C:\Users\MSI
# environment
LOCALAPPDATA = C:\Users\MSI\AppData\Local
# environment
VSCODE_IPC_HOOK_EXTHOST = \\.\pipe\vscode-ipc-58e00b58-ae6c-4cb8-9ff6-eb254baad980-sock
# environment
VSCODE_CWD = C:\Users\MSI\AppData\Local\Programs\Microsoft VS Code
# environment
SYSTEMROOT = C:\Windows
# environment
PROCESSOR_LEVEL = 6
# environment
PSMODULEPATH = C:\Program Files\WindowsPowerShell\Modules;C:\Windows\system32\WindowsPowerShell\v1.0\Modules
# default
MAKE_COMMAND := make
# automatic
@D = $(patsubst %/,%,$(dir $@))
# environment
CHROME_CRASHPAD_PIPE_NAME = \\.\pipe\crashpad_13232_OMDYLHXIEFBFRBYU
# environment
FPS_BROWSER_USER_PROFILE_STRING = Default
# environment
VSCODE_HANDLES_UNCAUGHT_ERRORS = true
# default
.VARIABLES := 
# automatic
%D = $(patsubst %/,%,$(dir $%))
# automatic
^D = $(patsubst %/,%,$(dir $^))
# environment
VSCODE_LOG_STACK = false
# automatic
%F = $(notdir $%)
# environment
VSCODE_CODE_CACHE_PATH = C:\Users\MSI\AppData\Roaming\Code\CachedData\c3511e6c69bb39013c4a4b7b9566ec1ca73fc4d5
# environment
LANG = C
# default
.LOADED := 
# environment
TMP = /cygdrive/c/Users/MSI/AppData/Local/Temp
# default
.INCLUDE_DIRS = /usr/include /usr/include
# makefile
MAKEFLAGS = pqrR
# environment
ONEDRIVE = C:\Users\MSI\OneDrive
 
# makefile
CURDIR := /cygdrive/f/Career_Growth_Mentoring/Code_Sprint/project_1_jsmn_parser
# environment
VSCODE_PIPE_LOGGING = true
# environment
APPLICATION_INSIGHTS_NO_DIAGNOSTIC_CHANNEL = 1
# automatic
*D = $(patsubst %/,%,$(dir $*))
# environment
PROGRAMFILES = C:\Program Files
# environment
MFLAGS = -pqrR
# default
.SHELLFLAGS := -c
# environment
COMMONPROGRAMW6432 = C:\Program Files\Common Files
# automatic
+D = $(patsubst %/,%,$(dir $+))
# makefile (from 'Makefile', line 1)
MAKEFILE_LIST := Makefile
# automatic
@F = $(notdir $@)
# environment
VSCODE_VERBOSE_LOGGING = true
# environment
VSCODE_PID = 13232
# automatic
?D = $(patsubst %/,%,$(dir $?))
# automatic
*F = $(notdir $*)
# automatic
<D = $(patsubst %/,%,$(dir $<))
# environment
VSCODE_NLS_CONFIG = {"locale":"en-gb","availableLanguages":{},"_languagePackSupport":true}
# default
MAKE_HOST := x86_64-pc-cygwin
# environment
PROGRAMDATA = C:\ProgramData
# default
SHELL := /bin/sh
# environment
HOMEPATH = \Users\MSI
# default
MAKECMDGOALS := all
# environment
DRIVERDATA = C:\Windows\System32\Drivers\DriverData
# environment
COMSPEC = C:\Windows\system32\cmd.exe
# environment
PICO_SDK_PATH = c:\development\pico\pico-sdk
# environment
WINDIR = C:\Windows
# environment
MAKELEVEL := 0
# default
MAKE = $(MAKE_COMMAND)
# environment
PATH = /cygdrive/c/Program Files (x86)/Common Files/Oracle/Java/javapath:/cygdrive/c/Program Files/Python39/Scripts:/cygdrive/c/Program Files/Python39:/cygdrive/c/Program Files/CMake/bin:/cygdrive/c/Program Files/Intel/iCLS Client:/cygdrive/c/Windows/system32:/cygdrive/c/Windows:/cygdrive/c/Windows/System32/Wbem:/cygdrive/c/Windows/System32/WindowsPowerShell/v1.0:/cygdrive/c/Windows/System32/OpenSSH:/cygdrive/c/Program Files (x86)/NVIDIA Corporation/PhysX/Common:/cygdrive/c/Program Files/Intel/WiFi/bin:/cygdrive/c/Program Files/Common Files/Intel/WirelessCommon:/cygdrive/c/Program Files (x86)/Intel/Intel(R) Management Engine Components/DAL:/cygdrive/c/Program Files/Intel/Intel(R) Management Engine Components/DAL:/usr/bin:/cygdrive/c/Program Files/Git/cmd:C:/cygdrive/c/Program Files/MATLAB/R2021b/runtime/win64:/cygdrive/c/Program Files/MATLAB/R2021b/bin:/cygdrive/c/VSARM/armcc/10 2021.10/bin:/cygdrive/c/Program Files (x86)/GNU Arm Embedded Toolchain/10 2021.10/bin:/cygdrive/c/Program Files/PuTTY:/cygdrive/c/VSARM/armcc/10 2021.10/bin:/cygdrive/c/VSARM/mingw/mingw32/bin:/cygdrive/c/Users/MSI/AppData/Local/Microsoft/WindowsApps:/cygdrive/c/Program Files/Intel/WiFi/bin:/cygdrive/c/Program Files/Common Files/Intel/WirelessCommon:/cygdrive/c/Users/MSI/AppData/Local/Programs/Microsoft VS Code/bin:/cygdrive/c/Program Files (x86)/GNU Arm Embedded Toolchain/10 2021.10/bin
# environment
COMPUTERNAME = DESKTOP-3ETV9NK
# default
MAKEFILES := 
# automatic
^F = $(notdir $^)
# environment
PROMPT = $P$G
# environment
LOGONSERVER = \\DESKTOP-3ETV9NK
# environment
VSCODE_LOG_NATIVE = false
# environment
USERNAME = MSI
# environment
COMMONPROGRAMFILES = C:\Program Files\Common Files
# automatic
?F = $(notdir $?)
# environment
PROGRAMW6432 = C:\Program Files
# environment
PATHEXT = .COM;.EXE;.BAT;.CMD;.VBS;.VBE;.JS;.JSE;.WSF;.WSH;.MSC;.PY;.PYW
# automatic
+F = $(notdir $+)
# environment
ORIGINAL_XDG_CURRENT_DESKTOP = undefined
# environment
USERDOMAIN = DESKTOP-3ETV9NK
# 'override' directive
GNUMAKEFLAGS := 
# environment
OS = Windows_NT
# makefile
.DEFAULT_GOAL := all
# default
MAKE_VERSION := 4.3
# environment
PROGRAMFILES(X86) = C:\Program Files (x86)
# environment
USERDOMAIN_ROAMINGPROFILE = DESKTOP-3ETV9NK
# environment
NUMBER_OF_PROCESSORS = 8
# environment
PUBLIC = C:\Users\Public
# environment
!F: = f:\Career_Growth_Mentoring\Code_Sprint\project_1_jsmn_parser
# environment
APPDATA = C:\Users\MSI\AppData\Roaming
# makefile (from 'Makefile', line 5)
CFLAGS = -c -Wall
# environment
HOMEDRIVE = C:
# environment
PROCESSOR_ARCHITECTURE = AMD64
# environment
VSCODE_AMD_ENTRYPOINT = vs/workbench/api/node/extensionHostProcess
# environment
HOME = /home/MSI
# environment
COMMONPROGRAMFILES(X86) = C:\Program Files (x86)\Common Files
# environment
ELECTRON_RUN_AS_NODE = 1
# environment
TEMP = /cygdrive/c/Users/MSI/AppData/Local/Temp
# environment
VSCODE_IPC_HOOK = \\.\pipe\77953b33a777cf12028b38b926e214bb-1.67.2-main-sock
# environment
TERM = xterm-256color
# default
.RECIPEPREFIX := 
# automatic
<F = $(notdir $<)
# default
SUFFIXES := 
# environment
ALLUSERSPROFILE = C:\ProgramData
# environment
SESSIONNAME = Console
# default
.FEATURES := target-specific order-only second-expansion else-if shortest-stem undefine oneshell nocomment grouped-target extra-prereqs archives jobserver output-sync check-symlink guile load
# environment
PROCESSOR_REVISION = 9e09
# makefile (from 'Makefile', line 2)
CC = gcc
# environment
PROCESSOR_IDENTIFIER = Intel64 Family 6 Model 158 Stepping 9, GenuineIntel
# makefile (from 'Makefile', line 8)
CEXE = -o
# variable set hash-table stats:
 
# Load=100/1024=10%, Rehash=0, Collisions=14/132=11%

# Pattern-specific Variable Values

# No pattern-specific variable values.

# Directories

# . (device 510378212, inode 1125899906858473): 14 files, no impossibilities.

# 14 files, no impossibilities in 1 directories.

# Implicit Rules

# No implicit rules.

# Files

# Not a target:
Makefile:
#  Implicit rule search has been done.
#  Last modified 2022-05-20 23:46:25.1204471
#  File has been updated.
#  Successfully updated.

clean:
#  Implicit rule search has not been done.
#  Modification time never checked.
#  File has not been updated.
#  recipe to execute (from 'Makefile', line 24):
	rm -f *.o *.s *.exe *.gch main

example.o: example.c
#  Implicit rule search has not been done.
#  Last modified 2022-05-20 23:58:42.4164819
#  File has been updated.
#  Successfully updated.
#  recipe to execute (from 'Makefile', line 17):
	$(CC) $(CFLAGS) example.c jsmn.c jsmn.h

# Not a target:
.DEFAULT:
#  Implicit rule search has not been done.
#  Modification time never checked.
#  File has not been updated.

all: main
#  Command line target.
#  Implicit rule search has been done.
#  File does not exist.
#  File has been updated.
#  Needs to be updated (-q is set).
# variable set hash-table stats:
# Load=0/32=0%, Rehash=0, Collisions=0/5=0%

main: example.o
#  Implicit rule search has not been done.
#  Implicit/static pattern stem: ''
#  File does not exist.
#  File has been updated.
#  Needs to be updated (-q is set).
# automatic
# @ := main
# automatic
# * := 
# automatic
# < := example.o
# automatic
# + := example.o
# automatic
# % := 
# automatic
# ^ := example.o
# automatic
# ? := example.o
# automatic
# | := 
# variable set hash-table stats:
# Load=8/32=25%, Rehash=0, Collisions=7/13=54%
#  recipe to execute (from 'Makefile', line 14):
	$(CC) example.o $(CEXE) example -lm

example.exe: example.o
#  Implicit rule search has not been done.
#  Modification time never checked.
#  File has not been updated.
#  recipe to execute (from 'Makefile', line 21):
	$(CC) example.o $(CEXE) example -lm

# Not a target:
example.c:
#  Implicit rule search has been done.
#  Last modified 2022-05-20 23:46:31.6646996
#  File has been updated.
#  Successfully updated.

# Not a target:
.SUFFIXES:
#  Implicit rule search has not been done.
#  Modification time never checked.
#  File has not been updated.

# files hash-table stats:
# Load=9/1024=1%, Rehash=0, Collisions=0/27=0%
# VPATH Search Paths

# No 'vpath' search paths.

# No general ('VPATH' variable) search path.

# strcache buffers: 1 (0) / strings = 20 / storage = 185 B / avg = 9 B
# current buf: size = 8162 B / used = 185 B / count = 20 / avg = 9 B

# strcache performance: lookups = 37 / hit rate = 45%
# hash-table stats:
# Load=20/8192=0%, Rehash=0, Collisions=0/37=0%
# Finished Make data base on Sat May 21 11:36:51 2022

 
